<?xml version="1.0" encoding="UTF-8"?>
<testng-results skipped="0" failed="0" total="1" passed="1">
  <reporter-output>
  </reporter-output>
  <suite name="Live Test Cases Suite" duration-ms="675024" started-at="2016-05-10T08:50:34Z" finished-at="2016-05-10T09:01:49Z">
    <groups>
    </groups>
    <test name="Live Tests" duration-ms="675024" started-at="2016-05-10T08:50:34Z" finished-at="2016-05-10T09:01:49Z">
      <class name="com.SchoolOfDragons.LiveMembershipPageChecks.TestCase9">
        <test-method status="PASS" signature="setUp()[pri:0, instance:com.SchoolOfDragons.LiveMembershipPageChecks.TestCase9@457e2f02]" name="setUp" is-config="true" duration-ms="1994" started-at="2016-05-10T14:20:34Z" finished-at="2016-05-10T14:20:36Z">
          <reporter-output>
          </reporter-output>
        </test-method> <!-- setUp -->
        <test-method status="PASS" signature="ValidAuthorisedPlayerLogin(java.lang.String)[pri:0, instance:com.SchoolOfDragons.LiveMembershipPageChecks.TestCase9@457e2f02]" name="ValidAuthorisedPlayerLogin" duration-ms="602659" started-at="2016-05-10T14:20:36Z" finished-at="2016-05-10T14:30:38Z">
          <params>
            <param index="0">
              <value>
                <![CDATA[Live Test Cases]]>
              </value>
            </param>
          </params>
          <reporter-output>
          </reporter-output>
        </test-method> <!-- ValidAuthorisedPlayerLogin -->
        <test-method status="PASS" signature="afterTest(org.testng.ITestResult)[pri:0, instance:com.SchoolOfDragons.LiveMembershipPageChecks.TestCase9@457e2f02]" name="afterTest" is-config="true" duration-ms="0" started-at="2016-05-10T14:30:38Z" finished-at="2016-05-10T14:30:38Z">
          <params>
            <param index="0">
              <value>
                <![CDATA[[TestResult name=ValidAuthorisedPlayerLogin status=SUCCESS method=TestCase9.ValidAuthorisedPlayerLogin(java.lang.String)[pri:0, instance:com.SchoolOfDragons.LiveMembershipPageChecks.TestCase9@457e2f02] output={null}]]]>
              </value>
            </param>
          </params>
          <reporter-output>
          </reporter-output>
        </test-method> <!-- afterTest -->
        <test-method status="PASS" signature="tearDown()[pri:0, instance:com.SchoolOfDragons.LiveMembershipPageChecks.TestCase9@457e2f02]" name="tearDown" is-config="true" duration-ms="253" started-at="2016-05-10T14:30:38Z" finished-at="2016-05-10T14:30:39Z">
          <reporter-output>
          </reporter-output>
        </test-method> <!-- tearDown -->
        <test-method status="PASS" signature="printReportPath()[pri:0, instance:com.SchoolOfDragons.LiveMembershipPageChecks.TestCase9@457e2f02]" name="printReportPath" is-config="true" duration-ms="70108" started-at="2016-05-10T14:30:39Z" finished-at="2016-05-10T14:31:49Z">
          <reporter-output>
          </reporter-output>
        </test-method> <!-- printReportPath -->
      </class> <!-- com.SchoolOfDragons.LiveMembershipPageChecks.TestCase9 -->
    </test> <!-- Live Tests -->
  </suite> <!-- Live Test Cases Suite -->
</testng-results>
