<?xml version="1.0" encoding="UTF-8"?>
<!-- Generated by org.testng.reporters.JUnitXMLReporter -->
<testsuite hostname="KAI-DT136" name="Verify membership Page - Membership Options and Features Content" tests="1" failures="0" timestamp="17 May 2016 07:09:53 GMT" time="77.906" errors="0">
  <testcase name="ValidAuthorisedPlayerLogin" time="72.63" classname="com.SchoolOfDragons.LiveMembershipPageChecks.TestCase1"/>
</testsuite> <!-- Verify membership Page - Membership Options and Features Content -->
