<?xml version="1.0" encoding="UTF-8"?>
<!-- Generated by org.testng.reporters.JUnitXMLReporter -->
<testsuite hostname="KAI-DT136" name="Verify membership Page - Membership Options and Features Content" tests="1" failures="0" timestamp="23 May 2016 06:52:01 GMT" time="73.964" errors="0">
  <testcase name="ValidAuthorisedPlayerLogin" time="64.419" classname="com.SchoolOfDragons.LiveMembershipPageChecks.TestCase1"/>
</testsuite> <!-- Verify membership Page - Membership Options and Features Content -->
